nohup: ignoring input
 * Serving Flask app 'requirementmanager.app' (lazy loading)
 * Environment: production
   WARNING: This is a development server. Do not use it in a production deployment.
   Use a production WSGI server instead.
 * Debug mode: on
 * Running on http://127.0.0.1:6003 (Press CTRL+C to quit)
 * Restarting with stat
 * Debugger is active!
 * Debugger PIN: 112-187-554
127.0.0.1 - - [04/May/2022 15:37:27] "[35m[1mGET /requirement/tree/list?project_id=3c00939acb7a11ecbcb33c7c3f2b2c02 HTTP/1.1[0m" 500 -
Traceback (most recent call last):
  File "/home/nzz/miniconda3/lib/python3.9/site-packages/flask/app.py", line 2095, in __call__
    return self.wsgi_app(environ, start_response)
  File "/home/nzz/miniconda3/lib/python3.9/site-packages/flask/app.py", line 2080, in wsgi_app
    response = self.handle_exception(e)
  File "/home/nzz/miniconda3/lib/python3.9/site-packages/flask_cors/extension.py", line 165, in wrapped_function
    return cors_after_request(app.make_response(f(*args, **kwargs)))
  File "/home/nzz/miniconda3/lib/python3.9/site-packages/flask/app.py", line 2077, in wsgi_app
    response = self.full_dispatch_request()
  File "/home/nzz/miniconda3/lib/python3.9/site-packages/flask/app.py", line 1525, in full_dispatch_request
    rv = self.handle_user_exception(e)
  File "/home/nzz/miniconda3/lib/python3.9/site-packages/flask_cors/extension.py", line 165, in wrapped_function
    return cors_after_request(app.make_response(f(*args, **kwargs)))
  File "/home/nzz/miniconda3/lib/python3.9/site-packages/flask/app.py", line 1523, in full_dispatch_request
    rv = self.dispatch_request()
  File "/home/nzz/miniconda3/lib/python3.9/site-packages/flask/app.py", line 1509, in dispatch_request
    return self.ensure_sync(self.view_functions[rule.endpoint])(**req.view_args)
  File "/home/nzz/retool/ReTool/RequirementsManager-master/rm-server/requirementmanager/requirementmanager/utils/handle_api.py", line 44, in _func
    return func()
  File "/home/nzz/retool/ReTool/RequirementsManager-master/rm-server/requirementmanager/requirementmanager/utils/handle_api.py", line 17, in _func
    resp = func()
  File "/home/nzz/retool/ReTool/RequirementsManager-master/rm-server/requirementmanager/requirementmanager/api/requirement/tree/list.py", line 29, in requirement_tree_list
    resp_data = tree.get_elementui_tree()
AttributeError: 'NoneType' object has no attribute 'get_elementui_tree'
127.0.0.1 - - [04/May/2022 15:37:45] "POST /requirement/create HTTP/1.1" 200 -
127.0.0.1 - - [04/May/2022 15:37:45] "GET /requirement/tree/list?project_id=3c00939acb7a11ecbcb33c7c3f2b2c02 HTTP/1.1" 200 -
127.0.0.1 - - [04/May/2022 15:37:45] "GET /requirement/profile?requirement_id=16afe2c5cb7d11ec83173c7c3f2b2c02 HTTP/1.1" 200 -
127.0.0.1 - - [04/May/2022 15:38:16] "[35m[1mPOST /requirement/analyze/conflict HTTP/1.1[0m" 500 -
Traceback (most recent call last):
  File "/home/nzz/miniconda3/lib/python3.9/site-packages/flask/app.py", line 2095, in __call__
    return self.wsgi_app(environ, start_response)
  File "/home/nzz/miniconda3/lib/python3.9/site-packages/flask/app.py", line 2080, in wsgi_app
    response = self.handle_exception(e)
  File "/home/nzz/miniconda3/lib/python3.9/site-packages/flask_cors/extension.py", line 165, in wrapped_function
    return cors_after_request(app.make_response(f(*args, **kwargs)))
  File "/home/nzz/miniconda3/lib/python3.9/site-packages/flask/app.py", line 2077, in wsgi_app
    response = self.full_dispatch_request()
  File "/home/nzz/miniconda3/lib/python3.9/site-packages/flask/app.py", line 1525, in full_dispatch_request
    rv = self.handle_user_exception(e)
  File "/home/nzz/miniconda3/lib/python3.9/site-packages/flask_cors/extension.py", line 165, in wrapped_function
    return cors_after_request(app.make_response(f(*args, **kwargs)))
  File "/home/nzz/miniconda3/lib/python3.9/site-packages/flask/app.py", line 1523, in full_dispatch_request
    rv = self.dispatch_request()
  File "/home/nzz/miniconda3/lib/python3.9/site-packages/flask/app.py", line 1509, in dispatch_request
    return self.ensure_sync(self.view_functions[rule.endpoint])(**req.view_args)
  File "/home/nzz/retool/ReTool/RequirementsManager-master/rm-server/requirementmanager/requirementmanager/utils/handle_api.py", line 17, in _func
    resp = func()
  File "/home/nzz/retool/ReTool/RequirementsManager-master/rm-server/requirementmanager/requirementmanager/api/requirement/analyze/conflict.py", line 64, in requirement_analyze_conflict
    resp = GrpcClient().conflictdetect(json.dumps({'items': sum_reqs_list}))
  File "/home/nzz/retool/ReTool/RequirementsManager-master/rm-server/requirementmanager/requirementmanager/grpc_client/client.py", line 36, in conflictdetect
    response = stub.conflictdetect(value)
  File "/home/nzz/miniconda3/lib/python3.9/site-packages/grpc/_channel.py", line 946, in __call__
    return _end_unary_response_blocking(state, call, False, None)
  File "/home/nzz/miniconda3/lib/python3.9/site-packages/grpc/_channel.py", line 849, in _end_unary_response_blocking
    raise _InactiveRpcError(state)
grpc._channel._InactiveRpcError: <_InactiveRpcError of RPC that terminated with:
	status = StatusCode.UNAVAILABLE
	details = "failed to connect to all addresses"
	debug_error_string = "{"created":"@1651649896.324178574","description":"Failed to pick subchannel","file":"src/core/ext/filters/client_channel/client_channel.cc","file_line":3217,"referenced_errors":[{"created":"@1651649896.324177032","description":"failed to connect to all addresses","file":"src/core/lib/transport/error_utils.cc","file_line":165,"grpc_status":14}]}"
>
 * Detected change in '/home/nzz/retool/ReTool/RequirementsManager-master/rm-server/requirementmanager/requirementmanager/config.py', reloading
 * Restarting with stat
 * Debugger is active!
 * Debugger PIN: 112-187-554
127.0.0.1 - - [04/May/2022 15:40:03] "GET /requirement/tree/list?project_id=3c00939acb7a11ecbcb33c7c3f2b2c02 HTTP/1.1" 200 -
127.0.0.1 - - [04/May/2022 15:40:06] "GET /requirement/profile?requirement_id=16afe2c5cb7d11ec83173c7c3f2b2c02 HTTP/1.1" 200 -
127.0.0.1 - - [04/May/2022 15:40:18] "POST /requirement/create HTTP/1.1" 200 -
127.0.0.1 - - [04/May/2022 15:40:18] "GET /requirement/profile?requirement_id=71d4c76ccb7d11ec90fd3c7c3f2b2c02 HTTP/1.1" 200 -
127.0.0.1 - - [04/May/2022 15:40:18] "GET /requirement/tree/list?project_id=3c00939acb7a11ecbcb33c7c3f2b2c02 HTTP/1.1" 200 -
127.0.0.1 - - [04/May/2022 15:40:28] "POST /requirement/analyze/conflict HTTP/1.1" 200 -
127.0.0.1 - - [04/May/2022 15:40:37] "POST /requirement/analyze/relationship HTTP/1.1" 200 -
127.0.0.1 - - [04/May/2022 15:41:48] "[35m[1mGET /requirement/tree/list?project_id=a5fbd4bacb7d11ec8e723c7c3f2b2c02 HTTP/1.1[0m" 500 -
Traceback (most recent call last):
  File "/home/nzz/miniconda3/lib/python3.9/site-packages/flask/app.py", line 2095, in __call__
    return self.wsgi_app(environ, start_response)
  File "/home/nzz/miniconda3/lib/python3.9/site-packages/flask/app.py", line 2080, in wsgi_app
    response = self.handle_exception(e)
  File "/home/nzz/miniconda3/lib/python3.9/site-packages/flask_cors/extension.py", line 165, in wrapped_function
    return cors_after_request(app.make_response(f(*args, **kwargs)))
  File "/home/nzz/miniconda3/lib/python3.9/site-packages/flask/app.py", line 2077, in wsgi_app
    response = self.full_dispatch_request()
  File "/home/nzz/miniconda3/lib/python3.9/site-packages/flask/app.py", line 1525, in full_dispatch_request
    rv = self.handle_user_exception(e)
  File "/home/nzz/miniconda3/lib/python3.9/site-packages/flask_cors/extension.py", line 165, in wrapped_function
    return cors_after_request(app.make_response(f(*args, **kwargs)))
  File "/home/nzz/miniconda3/lib/python3.9/site-packages/flask/app.py", line 1523, in full_dispatch_request
    rv = self.dispatch_request()
  File "/home/nzz/miniconda3/lib/python3.9/site-packages/flask/app.py", line 1509, in dispatch_request
    return self.ensure_sync(self.view_functions[rule.endpoint])(**req.view_args)
  File "/home/nzz/retool/ReTool/RequirementsManager-master/rm-server/requirementmanager/requirementmanager/utils/handle_api.py", line 44, in _func
    return func()
  File "/home/nzz/retool/ReTool/RequirementsManager-master/rm-server/requirementmanager/requirementmanager/utils/handle_api.py", line 17, in _func
    resp = func()
  File "/home/nzz/retool/ReTool/RequirementsManager-master/rm-server/requirementmanager/requirementmanager/api/requirement/tree/list.py", line 29, in requirement_tree_list
    resp_data = tree.get_elementui_tree()
AttributeError: 'NoneType' object has no attribute 'get_elementui_tree'
127.0.0.1 - - [04/May/2022 15:42:11] "POST /requirement/importfile/upload HTTP/1.1" 200 -
127.0.0.1 - - [04/May/2022 15:42:17] "POST /requirement/importfile/itemize HTTP/1.1" 200 -
127.0.0.1 - - [04/May/2022 15:42:28] "POST /requirement/analyze/conflict HTTP/1.1" 200 -
{'conflicts': []}
{'result': []}
{'conflicts': []}
[{'req1': {'id': 'b76eaaedcb7d11ec85aa3c7c3f2b2c02', 'description': 'ä¸šåŠ¡æ¶æ„è®¾è®¡æä¾›ä¸šåŠ¡èƒ½åŠ›æ„æƒ³ã€ä¸šåŠ¡ä»»åŠ¡æ„æˆã€ä¸šåŠ¡æµç¨‹ã€ä¸šåŠ¡ä¿¡æ¯äº¤æ¢ã€ç»„ç»‡å…³ç³»ã€ç»„ç»‡æœºæ„èŒèƒ½ã€ä¸šåŠ¡åä½œç­‰å»ºæ¨¡åŠŸèƒ½ã€‚'}, 'req2': {'id': 'b76ead47cb7d11eca2683c7c3f2b2c02', 'description': 'ä¿¡æ¯æ¶æ„è®¾è®¡æä¾›ä¿¡æ¯æ´»åŠ¨è§†è§’ã€èƒ½åŠ›è§†è§’ã€çŸ¥è¯†è§†è§’ã€æ ‡å‡†è§„èŒƒè§†è§’ç­‰å»ºæ¨¡åŠŸèƒ½ã€‚'}}, {'req1': {'id': 'b76eaaedcb7d11ec85aa3c7c3f2b2c02', 'description': 'ä¸šåŠ¡æ¶æ„è®¾è®¡æä¾›ä¸šåŠ¡èƒ½åŠ›æ„æƒ³ã€ä¸šåŠ¡ä»»åŠ¡æ„æˆã€ä¸šåŠ¡æµç¨‹ã€ä¸šåŠ¡ä¿¡æ¯äº¤æ¢ã€ç»„ç»‡å…³ç³»ã€ç»„ç»‡æœºæ„èŒèƒ½ã€ä¸šåŠ¡åä½œç­‰å»ºæ¨¡åŠŸèƒ½ã€‚'}, 'req2': {'id': 'b76eaf05cb7d11ec88953c7c3f2b2c02', 'description': 'ä¿¡æ¯æ¶æ„è®¾è®¡æ”¯æŒä¸ä¸šåŠ¡æ¶æ„è¿›è¡Œå…³è”æ˜ å°„ã€‚'}}, {'req1': {'id': 'b76eaaedcb7d11ec85aa3c7c3f2b2c02', 'description': 'ä¸šåŠ¡æ¶æ„è®¾è®¡æä¾›ä¸šåŠ¡èƒ½åŠ›æ„æƒ³ã€ä¸šåŠ¡ä»»åŠ¡æ„æˆã€ä¸šåŠ¡æµç¨‹ã€ä¸šåŠ¡ä¿¡æ¯äº¤æ¢ã€ç»„ç»‡å…³ç³»ã€ç»„ç»‡æœºæ„èŒèƒ½ã€ä¸šåŠ¡åä½œç­‰å»ºæ¨¡åŠŸèƒ½ã€‚'}, 'req2': {'id': 'b7cc7609cb7d11ecbf253c7c3f2b2c02', 'description': 'æ”¯æŒå»ºç«‹æºæ•°æ®è§„æ ¼æ¨¡å‹ä¸è¯„ä¼°æŒ‡æ ‡ä¸šåŠ¡æ¨¡å‹ä¹‹é—´çš„æ˜ å°„å…³ç³»ã€‚'}}, {'req1': {'id': 'b76eaaedcb7d11ec85aa3c7c3f2b2c02', 'description': 'ä¸šåŠ¡æ¶æ„è®¾è®¡æä¾›ä¸šåŠ¡èƒ½åŠ›æ„æƒ³ã€ä¸šåŠ¡ä»»åŠ¡æ„æˆã€ä¸šåŠ¡æµç¨‹ã€ä¸šåŠ¡ä¿¡æ¯äº¤æ¢ã€ç»„ç»‡å…³ç³»ã€ç»„ç»‡æœºæ„èŒèƒ½ã€ä¸šåŠ¡åä½œç­‰å»ºæ¨¡åŠŸèƒ½ã€‚'}, 'req2': {'id': 'b7cc79f4cb7d11ec82273c7c3f2b2c02', 'description': 'æä¾›å¯¹æ„å»ºå®Œæˆçš„è¯„ä¼°æ¨¡å‹çš„è¯­æ³•è‡ªåŠ¨æ£€æŸ¥çš„NLã€‚'}}, {'req1': {'id': 'b76eaaedcb7d11ec85aa3c7c3f2b2c02', 'description': 'ä¸šåŠ¡æ¶æ„è®¾è®¡æä¾›ä¸šåŠ¡èƒ½åŠ›æ„æƒ³ã€ä¸šåŠ¡ä»»åŠ¡æ„æˆã€ä¸šåŠ¡æµç¨‹ã€ä¸šåŠ¡ä¿¡æ¯äº¤æ¢ã€ç»„ç»‡å…³ç³»ã€ç»„ç»‡æœºæ„èŒèƒ½ã€ä¸šåŠ¡åä½œç­‰å»ºæ¨¡åŠŸèƒ½ã€‚'}, 'req2': {'id': 'b7ebb331cb7d11ecb88c3c7c3f2b2c02', 'description': 'è¯„ä¼°ä»»åŠ¡æ‰§è¡Œæ§åˆ¶åŠŸèƒ½æä¾›è¯„ä¼°ä»»åŠ¡æ‰§è¡Œè¿‡ç¨‹çš„æ‰§è¡Œæ§åˆ¶æ“ä½œã€‚'}}, {'req1': {'id': 'b76ead47cb7d11eca2683c7c3f2b2c02', 'description': 'ä¿¡æ¯æ¶æ„è®¾è®¡æä¾›ä¿¡æ¯æ´»åŠ¨è§†è§’ã€èƒ½åŠ›è§†è§’ã€çŸ¥è¯†è§†è§’ã€æ ‡å‡†è§„èŒƒè§†è§’ç­‰å»ºæ¨¡åŠŸèƒ½ã€‚'}, 'req2': {'id': 'b76eae46cb7d11ecaade3c7c3f2b2c02', 'description': 'ä¿¡æ¯æ¶æ„è®¾è®¡æ”¯æŒå¯¹ä¿¡æ¯æ´»åŠ¨æµç¨‹ã€ä¿¡æ¯è½¬æ¢ã€èƒ½åŠ›æ•ˆæœè¦æ±‚ã€ä¿¡æ¯åˆ†ç±»ç­‰ä½“ç³»ç»“æ„æ•°æ®çš„æ„å»ºã€‚'}}, {'req1': {'id': 'b76eae46cb7d11ecaade3c7c3f2b2c02', 'description': 'ä¿¡æ¯æ¶æ„è®¾è®¡æ”¯æŒå¯¹ä¿¡æ¯æ´»åŠ¨æµç¨‹ã€ä¿¡æ¯è½¬æ¢ã€èƒ½åŠ›æ•ˆæœè¦æ±‚ã€ä¿¡æ¯åˆ†ç±»ç­‰ä½“ç³»ç»“æ„æ•°æ®çš„æ„å»ºã€‚'}, 'req2': {'id': 'b76eaf05cb7d11ec88953c7c3f2b2c02', 'description': 'ä¿¡æ¯æ¶æ„è®¾è®¡æ”¯æŒä¸ä¸šåŠ¡æ¶æ„è¿›è¡Œå…³è”æ˜ å°„ã€‚'}}, {'req1': {'id': 'b76eae46cb7d11ecaade3c7c3f2b2c02', 'description': 'ä¿¡æ¯æ¶æ„è®¾è®¡æ”¯æŒå¯¹ä¿¡æ¯æ´»åŠ¨æµç¨‹ã€ä¿¡æ¯è½¬æ¢ã€èƒ½åŠ›æ•ˆæœè¦æ±‚ã€ä¿¡æ¯åˆ†ç±»ç­‰ä½“ç³»ç»“æ„æ•°æ®çš„æ„å»ºã€‚'}, 'req2': {'id': 'b7ad31b4cb7d11ec97863c7c3f2b2c02', 'description': 'æµç¨‹å¯è¡Œæ€§éªŒè¯åˆ†ææ”¯æŒå¯¹æµç¨‹å¯æ‰§è¡Œæ€§çš„éªŒè¯åˆ†æã€‚'}}, {'req1': {'id': 'b76eae46cb7d11ecaade3c7c3f2b2c02', 'description': 'ä¿¡æ¯æ¶æ„è®¾è®¡æ”¯æŒå¯¹ä¿¡æ¯æ´»åŠ¨æµç¨‹ã€ä¿¡æ¯è½¬æ¢ã€èƒ½åŠ›æ•ˆæœè¦æ±‚ã€ä¿¡æ¯åˆ†ç±»ç­‰ä½“ç³»ç»“æ„æ•°æ®çš„æ„å»ºã€‚'}, 'req2': {'id': 'b7ad34f8cb7d11ec996f3c7c3f2b2c02', 'description': 'æ´»åŠ¨å¯è¾¾æ€§éªŒè¯åˆ†ææ”¯æŒå¯¹ä¸šåŠ¡ç»“æ„æ¨¡å‹çš„æ´»åŠ¨çš„å¯è¾¾æ€§éªŒè¯åˆ†æã€‚'}}, {'req1': {'id': 'b76eae46cb7d11ecaade3c7c3f2b2c02', 'description': 'ä¿¡æ¯æ¶æ„è®¾è®¡æ”¯æŒå¯¹ä¿¡æ¯æ´»åŠ¨æµç¨‹ã€ä¿¡æ¯è½¬æ¢ã€èƒ½åŠ›æ•ˆæœè¦æ±‚ã€ä¿¡æ¯åˆ†ç±»ç­‰ä½“ç³»ç»“æ„æ•°æ®çš„æ„å»ºã€‚'}, 'req2': {'id': 'b7cc7609cb7d11ecbf253c7c3f2b2c02', 'description': 'æ”¯æŒå»ºç«‹æºæ•°æ®è§„æ ¼æ¨¡å‹ä¸è¯„ä¼°æŒ‡æ ‡ä¸šåŠ¡æ¨¡å‹ä¹‹é—´çš„æ˜ å°„å…³ç³»ã€‚'}}, {'req1': {'id': 'b76eae46cb7d11ecaade3c7c3f2b2c02', 'description': 'ä¿¡æ¯æ¶æ„è®¾è®¡æ”¯æŒå¯¹ä¿¡æ¯æ´»åŠ¨æµç¨‹ã€ä¿¡æ¯è½¬æ¢ã€èƒ½åŠ›æ•ˆæœè¦æ±‚ã€ä¿¡æ¯åˆ†ç±»ç­‰ä½“ç³»ç»“æ„æ•°æ®çš„æ„å»ºã€‚'}, 'req2': {'id': 'b7cc7849cb7d11ec84f53c7c3f2b2c02', 'description': 'æ”¯æŒå°†ä»¿çœŸä¸å®éªŒæ•°æ®è‡ªåŠ¨è½¬æ¢æˆè¯„ä¼°æ•°æ®ã€‚'}}, {'req1': {'id': 'b76eaf05cb7d11ec88953c7c3f2b2c02', 'description': 'ä¿¡æ¯æ¶æ„è®¾è®¡æ”¯æŒä¸ä¸šåŠ¡æ¶æ„è¿›è¡Œå…³è”æ˜ å°„ã€‚'}, 'req2': {'id': 'b7ad31b4cb7d11ec97863c7c3f2b2c02', 'description': 'æµç¨‹å¯è¡Œæ€§éªŒè¯åˆ†ææ”¯æŒå¯¹æµç¨‹å¯æ‰§è¡Œæ€§çš„éªŒè¯åˆ†æã€‚'}}, {'req1': {'id': 'b76eaf05cb7d11ec88953c7c3f2b2c02', 'description': 'ä¿¡æ¯æ¶æ„è®¾è®¡æ”¯æŒä¸ä¸šåŠ¡æ¶æ„è¿›è¡Œå…³è”æ˜ å°„ã€‚'}, 'req2': {'id': 'b7ad34f8cb7d11ec996f3c7c3f2b2c02', 'description': 'æ´»åŠ¨å¯è¾¾æ€§éªŒè¯åˆ†ææ”¯æŒå¯¹ä¸šåŠ¡ç»“æ„æ¨¡å‹çš„æ´»åŠ¨çš„å¯è¾¾æ€§éªŒè¯åˆ†æã€‚'}}, {'req1': {'id': 'b76eaf05cb7d11ec88953c7c3f2b2c02', 'description': 'ä¿¡æ¯æ¶æ„è®¾è®¡æ”¯æŒä¸ä¸šåŠ¡æ¶æ„è¿›è¡Œå…³è”æ˜ å°„ã€‚'}, 'req2': {'id': 'b7cc7609cb7d11ecbf253c7c3f2b2c02', 'description': 'æ”¯æŒå»ºç«‹æºæ•°æ®è§„æ ¼æ¨¡å‹ä¸è¯„ä¼°æŒ‡æ ‡ä¸šåŠ¡æ¨¡å‹ä¹‹é—´çš„æ˜ å°„å…³ç³»ã€‚'}}, {'req1': {'id': 'b76eaf05cb7d11ec88953c7c3f2b2c02', 'description': 'ä¿¡æ¯æ¶æ„è®¾è®¡æ”¯æŒä¸ä¸šåŠ¡æ¶æ„è¿›è¡Œå…³è”æ˜ å°„ã€‚'}, 'req2': {'id': 'b7cc7849cb7d11ec84f53c7c3f2b2c02', 'description': 'æ”¯æŒå°†ä»¿çœŸä¸å®éªŒæ•°æ®è‡ªåŠ¨è½¬æ¢æˆè¯„ä¼°æ•°æ®ã€‚'}}, {'req1': {'id': 'b76eaf05cb7d11ec88953c7c3f2b2c02', 'description': 'ä¿¡æ¯æ¶æ„è®¾è®¡æ”¯æŒä¸ä¸šåŠ¡æ¶æ„è¿›è¡Œå…³è”æ˜ å°„ã€‚'}, 'req2': {'id': 'b7cc79f4cb7d11ec82273c7c3f2b2c02', 'description': 'æä¾›å¯¹æ„å»ºå®Œæˆçš„è¯„ä¼°æ¨¡å‹çš„è¯­æ³•è‡ªåŠ¨æ£€æŸ¥çš„NLã€‚'}}, {'req1': {'id': 'b78deb07cb7d11ec8bb93c7c3f2b2c02', 'description': 'ä»¿çœŸæ ·æœ¬ç®¡ç†æ”¯æŒå¯¹ä»¿çœŸè¯•éªŒæ ·æœ¬çš„ç®¡ç†å’Œå¯¹ä»¿çœŸè¯•éªŒæ ·æœ¬çš„è°ƒåº¦ã€‚'}, 'req2': {'id': 'b7ad3410cb7d11ec93113c7c3f2b2c02', 'description': 'ä»¿çœŸæ€åŠ¿ç»¼åˆå±•ç¤ºæ”¯æŒä»¿çœŸæ€åŠ¿çš„å¯è§†åŒ–ç»¼åˆå±•ç¤ºã€‚'}}, {'req1': {'id': 'b78deb07cb7d11ec8bb93c7c3f2b2c02', 'description': 'ä»¿çœŸæ ·æœ¬ç®¡ç†æ”¯æŒå¯¹ä»¿çœŸè¯•éªŒæ ·æœ¬çš„ç®¡ç†å’Œå¯¹ä»¿çœŸè¯•éªŒæ ·æœ¬çš„è°ƒåº¦ã€‚'}, 'req2': {'id': 'b7ad34f8cb7d11ec996f3c7c3f2b2c02', 'description': 'æ´»åŠ¨å¯è¾¾æ€§éªŒè¯åˆ†ææ”¯æŒå¯¹ä¸šåŠ¡ç»“æ„æ¨¡å‹çš„æ´»åŠ¨çš„å¯è¾¾æ€§éªŒè¯åˆ†æã€‚'}}, {'req1': {'id': 'b78deb07cb7d11ec8bb93c7c3f2b2c02', 'description': 'ä»¿çœŸæ ·æœ¬ç®¡ç†æ”¯æŒå¯¹ä»¿çœŸè¯•éªŒæ ·æœ¬çš„ç®¡ç†å’Œå¯¹ä»¿çœŸè¯•éªŒæ ·æœ¬çš„è°ƒåº¦ã€‚'}, 'req2': {'id': 'b7cc7609cb7d11ecbf253c7c3f2b2c02', 'description': 'æ”¯æŒå»ºç«‹æºæ•°æ®è§„æ ¼æ¨¡å‹ä¸è¯„ä¼°æŒ‡æ ‡ä¸šåŠ¡æ¨¡å‹ä¹‹é—´çš„æ˜ å°„å…³ç³»ã€‚'}}, {'req1': {'id': 'b78deb07cb7d11ec8bb93c7c3f2b2c02', 'description': 'ä»¿çœŸæ ·æœ¬ç®¡ç†æ”¯æŒå¯¹ä»¿çœŸè¯•éªŒæ ·æœ¬çš„ç®¡ç†å’Œå¯¹ä»¿çœŸè¯•éªŒæ ·æœ¬çš„è°ƒåº¦ã€‚'}, 'req2': {'id': 'b7cc7849cb7d11ec84f53c7c3f2b2c02', 'description': 'æ”¯æŒå°†ä»¿çœŸä¸å®éªŒæ•°æ®è‡ªåŠ¨è½¬æ¢æˆè¯„ä¼°æ•°æ®ã€‚'}}, {'req1': {'id': 'b78deb07cb7d11ec8bb93c7c3f2b2c02', 'description': 'ä»¿çœŸæ ·æœ¬ç®¡ç†æ”¯æŒå¯¹ä»¿çœŸè¯•éªŒæ ·æœ¬çš„ç®¡ç†å’Œå¯¹ä»¿çœŸè¯•éªŒæ ·æœ¬çš„è°ƒåº¦ã€‚'}, 'req2': {'id': 'b7cc79f4cb7d11ec82273c7c3f2b2c02', 'description': 'æä¾›å¯¹æ„å»ºå®Œæˆçš„è¯„ä¼°æ¨¡å‹çš„è¯­æ³•è‡ªåŠ¨æ£€æŸ¥çš„NLã€‚'}}, {'req1': {'id': 'b78ded3acb7d11ec81b83c7c3f2b2c02', 'description': 'æ ¹æ®æ‰€é€‰æ‹©çš„æ¨¡å‹ä¿¡æ¯ï¼ŒååŒé”å®šç³»ç»Ÿå¯¹æ¨¡å‹æ•°æ®è¿›è¡Œé”å®šã€‚'}, 'req2': {'id': 'b78dee30cb7d11ec9b683c7c3f2b2c02', 'description': 'æ ¹æ®æ‰€é€‰æ‹©çš„æ¨¡å‹ä¿¡æ¯ï¼ŒååŒè§£é”ç³»ç»Ÿå¯¹æ¨¡å‹æ•°æ®è¿›è¡Œè§£é”ã€‚'}}, {'req1': {'id': 'b7ad31b4cb7d11ec97863c7c3f2b2c02', 'description': 'æµç¨‹å¯è¡Œæ€§éªŒè¯åˆ†ææ”¯æŒå¯¹æµç¨‹å¯æ‰§è¡Œæ€§çš„éªŒè¯åˆ†æã€‚'}, 'req2': {'id': 'b7ad34f8cb7d11ec996f3c7c3f2b2c02', 'description': 'æ´»åŠ¨å¯è¾¾æ€§éªŒè¯åˆ†ææ”¯æŒå¯¹ä¸šåŠ¡ç»“æ„æ¨¡å‹çš„æ´»åŠ¨çš„å¯è¾¾æ€§éªŒè¯åˆ†æã€‚'}}, {'req1': {'id': 'b7ad31b4cb7d11ec97863c7c3f2b2c02', 'description': 'æµç¨‹å¯è¡Œæ€§éªŒè¯åˆ†ææ”¯æŒå¯¹æµç¨‹å¯æ‰§è¡Œæ€§çš„éªŒè¯åˆ†æã€‚'}, 'req2': {'id': 'b7cc7609cb7d11ecbf253c7c3f2b2c02', 'description': 'æ”¯æŒå»ºç«‹æºæ•°æ®è§„æ ¼æ¨¡å‹ä¸è¯„ä¼°æŒ‡æ ‡ä¸šåŠ¡æ¨¡å‹ä¹‹é—´çš„æ˜ å°„å…³ç³»ã€‚'}}, {'req1': {'id': 'b7ad31b4cb7d11ec97863c7c3f2b2c02', 'description': 'æµç¨‹å¯è¡Œæ€§éªŒè¯åˆ†ææ”¯æŒå¯¹æµç¨‹å¯æ‰§è¡Œæ€§çš„éªŒè¯åˆ†æã€‚'}, 'req2': {'id': 'b7cc7849cb7d11ec84f53c7c3f2b2c02', 'description': 'æ”¯æŒå°†ä»¿çœŸä¸å®éªŒæ•°æ®è‡ªåŠ¨è½¬æ¢æˆè¯„ä¼°æ•°æ®ã€‚'}}, {'req1': {'id': 'b7ad31b4cb7d11ec97863c7c3f2b2c02', 'description': 'æµç¨‹å¯è¡Œæ€§éªŒè¯åˆ†ææ”¯æŒå¯¹æµç¨‹å¯æ‰§è¡Œæ€§çš„éªŒè¯åˆ†æã€‚'}, 'req2': {'id': 'b7cc79f4cb7d11ec82273c7c3f2b2c02', 'description': 'æä¾›å¯¹æ„å»ºå®Œæˆçš„è¯„ä¼°æ¨¡å‹çš„è¯­æ³•è‡ªåŠ¨æ£€æŸ¥çš„NLã€‚'}}, {'req1': {'id': 'b7ad3410cb7d11ec93113c7c3f2b2c02', 'description': 'ä»¿çœŸæ€åŠ¿ç»¼åˆå±•ç¤ºæ”¯æŒä»¿çœŸæ€åŠ¿çš„å¯è§†åŒ–ç»¼åˆå±•ç¤ºã€‚'}, 'req2': {'id': 'b7ad34f8cb7d11ec996f3c7c3f2b2c02', 'description': 'æ´»åŠ¨å¯è¾¾æ€§éªŒè¯åˆ†ææ”¯æŒå¯¹ä¸šåŠ¡ç»“æ„æ¨¡å‹çš„æ´»åŠ¨çš„å¯è¾¾æ€§éªŒè¯åˆ†æã€‚'}}, {'req1': {'id': 'b7ad3410cb7d11ec93113c7c3f2b2c02', 'description': 'ä»¿çœŸæ€åŠ¿ç»¼åˆå±•ç¤ºæ”¯æŒä»¿çœŸæ€åŠ¿çš„å¯è§†åŒ–ç»¼åˆå±•ç¤ºã€‚'}, 'req2': {'id': 'b7cc7609cb7d11ecbf253c7c3f2b2c02', 'description': 'æ”¯æŒå»ºç«‹æºæ•°æ®è§„æ ¼æ¨¡å‹ä¸è¯„ä¼°æŒ‡æ ‡ä¸šåŠ¡æ¨¡å‹ä¹‹é—´çš„æ˜ å°„å…³ç³»ã€‚'}}, {'req1': {'id': 'b7ad3410cb7d11ec93113c7c3f2b2c02', 'description': 'ä»¿çœŸæ€åŠ¿ç»¼åˆå±•ç¤ºæ”¯æŒä»¿çœŸæ€åŠ¿çš„å¯è§†åŒ–ç»¼åˆå±•ç¤ºã€‚'}, 'req2': {'id': 'b7cc7849cb7d11ec84f53c7c3f2b2c02', 'description': 'æ”¯æŒå°†ä»¿çœŸä¸å®éªŒæ•°æ®è‡ªåŠ¨è½¬æ¢æˆè¯„ä¼°æ•°æ®ã€‚'}}, {'req1': {'id': 'b7ad34f8cb7d11ec996f3c7c3f2b2c02', 'description': 'æ´»åŠ¨å¯è¾¾æ€§éªŒè¯åˆ†ææ”¯æŒå¯¹ä¸šåŠ¡ç»“æ„æ¨¡å‹çš„æ´»åŠ¨çš„å¯è¾¾æ€§éªŒè¯åˆ†æã€‚'}, 'req2': {'id': 'b7cc7609cb7d11ecbf253c7c3f2b2c02', 'description': 'æ”¯æŒå»ºç«‹æºæ•°æ®è§„æ ¼æ¨¡å‹ä¸è¯„ä¼°æŒ‡æ ‡ä¸šåŠ¡æ¨¡å‹ä¹‹é—´çš„æ˜ å°„å…³ç³»ã€‚'}}, {'req1': {'id': 'b7ad34f8cb7d11ec996f3c7c3f2b2c02', 'description': 'æ´»åŠ¨å¯è¾¾æ€§éªŒè¯åˆ†ææ”¯æŒå¯¹ä¸šåŠ¡ç»“æ„æ¨¡å‹çš„æ´»åŠ¨çš„å¯è¾¾æ€§éªŒè¯åˆ†æã€‚'}, 'req2': {'id': 'b7cc7849cb7d11ec84f53c7c3f2b2c02', 'description': 'æ”¯æŒå°†ä»¿çœŸä¸å®éªŒæ•°æ®è‡ªåŠ¨è½¬æ¢æˆè¯„ä¼°æ•°æ®ã€‚'}}, {'req1': {'id': 'b7ad34f8cb7d11ec996f3c7c3f2b2c02', 'description': 'æ´»åŠ¨å¯è¾¾æ€§éªŒè¯åˆ†ææ”¯æŒå¯¹ä¸šåŠ¡ç»“æ„æ¨¡å‹çš„æ´»åŠ¨çš„å¯è¾¾æ€§éªŒè¯åˆ†æã€‚'}, 'req2': {'id': 'b7cc79f4cb7d11ec82273c7c3f2b2c02', 'description': 'æä¾›å¯¹æ„å»ºå®Œæˆçš„è¯„ä¼°æ¨¡å‹çš„è¯­æ³•è‡ªåŠ¨æ£€æŸ¥çš„NLã€‚'}}, {'req1': {'id': 'b7cc7609cb7d11ecbf253c7c3f2b2c02', 'description': 'æ”¯æŒå»ºç«‹æºæ•°æ®è§„æ ¼æ¨¡å‹ä¸è¯„ä¼°æŒ‡æ ‡ä¸šåŠ¡æ¨¡å‹ä¹‹é—´çš„æ˜ å°„å…³ç³»ã€‚'}, 'req2': {'id': 'b7cc7849cb7d11ec84f53c7c3f2b2c02', 'description': 'æ”¯æŒå°†ä»¿çœŸä¸å®éªŒæ•°æ®è‡ªåŠ¨è½¬æ¢æˆè¯„ä¼°æ•°æ®ã€‚'}}, {'req1': {'id': 'b7cc7609cb7d11ecbf253c7c3f2b2c02', 'description': 'æ”¯æŒå»ºç«‹æºæ•°æ®è§„æ ¼æ¨¡å‹ä¸è¯„ä¼°æŒ‡æ ‡ä¸šåŠ¡æ¨¡å‹ä¹‹é—´çš„æ˜ å°„å…³ç³»ã€‚'}, 'req2': {'id': 'b7cc7942cb7d11ec8b5a3c7c3f2b2c02', 'description': 'å½’ä¸€åŒ–æ¨¡å‹æ„å»ºåŠŸèƒ½èƒ½å¤Ÿæä¾›æŒ‡æ ‡å½’ä¸€åŒ–æ¨¡å‹çš„å¯è§†åŒ–æ„å»ºã€‚'}}, {'req1': {'id': 'b7cc7609cb7d11ecbf253c7c3f2b2c02', 'description': 'æ”¯æŒå»ºç«‹æºæ•°æ®è§„æ ¼æ¨¡å‹ä¸è¯„ä¼°æŒ‡æ ‡ä¸šåŠ¡æ¨¡å‹ä¹‹é—´çš„æ˜ å°„å…³ç³»ã€‚'}, 'req2': {'id': 'b7cc79f4cb7d11ec82273c7c3f2b2c02', 'description': 'æä¾›å¯¹æ„å»ºå®Œæˆçš„è¯„ä¼°æ¨¡å‹çš„è¯­æ³•è‡ªåŠ¨æ£€æŸ¥çš„NLã€‚'}}, {'req1': {'id': 'b7cc7849cb7d11ec84f53c7c3f2b2c02', 'description': 'æ”¯æŒå°†ä»¿çœŸä¸å®éªŒæ•°æ®è‡ªåŠ¨è½¬æ¢æˆè¯„ä¼°æ•°æ®ã€‚'}, 'req2': {'id': 'b7cc7942cb7d11ec8b5a3c7c3f2b2c02', 'description': 'å½’ä¸€åŒ–æ¨¡å‹æ„å»ºåŠŸèƒ½èƒ½å¤Ÿæä¾›æŒ‡æ ‡å½’ä¸€åŒ–æ¨¡å‹çš„å¯è§†åŒ–æ„å»ºã€‚'}}, {'req1': {'id': 'b7cc7849cb7d11ec84f53c7c3f2b2c02', 'description': 'æ”¯æŒå°†ä»¿çœŸä¸å®éªŒæ•°æ®è‡ªåŠ¨è½¬æ¢æˆè¯„ä¼°æ•°æ®ã€‚'}, 'req2': {'id': 'b7cc79f4cb7d11ec82273c7c3f2b2c02', 'description': 'æä¾›å¯¹æ„å»ºå®Œæˆçš„è¯„ä¼°æ¨¡å‹çš„è¯­æ³•è‡ªåŠ¨æ£€æŸ¥çš„NLã€‚'}}, {'req1': {'id': 'b7cc7942cb7d11ec8b5a3c7c3f2b2c02', 'description': 'å½’ä¸€åŒ–æ¨¡å‹æ„å»ºåŠŸèƒ½èƒ½å¤Ÿæä¾›æŒ‡æ ‡å½’ä¸€åŒ–æ¨¡å‹çš„å¯è§†åŒ–æ„å»ºã€‚'}, 'req2': {'id': 'b7cc79f4cb7d11ec82273c7c3f2b2c02', 'description': 'æä¾›å¯¹æ„å»ºå®Œæˆçš„è¯„ä¼°æ¨¡å‹çš„è¯­æ³•è‡ªåŠ¨æ£€æŸ¥çš„NLã€‚'}}, {'req1': {'id': 'b7cc79f4cb7d11ec82273c7c3f2b2c02', 'description': 'æä¾›å¯¹æ„å»ºå®Œæˆçš„è¯„ä¼°æ¨¡å‹çš„è¯­æ³•è‡ªåŠ¨æ£€æŸ¥çš„NLã€‚'}, 'req2': {'id': 'b7cc7bdbcb7d11ec95e03c7c3f2b2c02', 'description': 'ç³»ç»Ÿå¯ä»¥å¯¹AHPç­‰è¯„ä¼°è®¡ç®—æ¨¡å‹è¿›è¡Œå¯è§†åŒ–æ„å»ºã€‚'}}, {'req1': {'id': 'b7cc79f4cb7d11ec82273c7c3f2b2c02', 'description': 'æä¾›å¯¹æ„å»ºå®Œæˆçš„è¯„ä¼°æ¨¡å‹çš„è¯­æ³•è‡ªåŠ¨æ£€æŸ¥çš„NLã€‚'}, 'req2': {'id': 'b7ebb331cb7d11ecb88c3c7c3f2b2c02', 'description': 'è¯„ä¼°ä»»åŠ¡æ‰§è¡Œæ§åˆ¶åŠŸèƒ½æä¾›è¯„ä¼°ä»»åŠ¡æ‰§è¡Œè¿‡ç¨‹çš„æ‰§è¡Œæ§åˆ¶æ“ä½œã€‚'}}, {'req1': {'id': 'b82a32fbcb7d11eca1983c7c3f2b2c02', 'description': 'ä¸€ä¸ªé¡¹ç›®å¯æ”¯æŒçš„æ¨¡å‹æ•°ä¸å°‘äº250ä¸ªã€‚'}, 'req2': {'id': 'b82a3545cb7d11ec8c523c7c3f2b2c02', 'description': 'å•ä¸ªè§†å›¾ç»“æ„ä¸‹å¯æ”¯æŒç®¡ç†çš„æ¨¡å‹æ•°ä¸å°‘äº40ä¸ªã€‚'}}, {'req1': {'id': 'b82a33e2cb7d11ec97e43c7c3f2b2c02', 'description': 'NLè¯„ä¼°åˆ†æå·¥å…·æ„å»ºè¯„ä¼°æŒ‡æ ‡XXå¯æ”¯æŒçš„å±‚æ•°ä¸å°‘äº10å±‚ã€‚'}, 'req2': {'id': 'b82a3545cb7d11ec8c523c7c3f2b2c02', 'description': 'å•ä¸ªè§†å›¾ç»“æ„ä¸‹å¯æ”¯æŒç®¡ç†çš„æ¨¡å‹æ•°ä¸å°‘äº40ä¸ªã€‚'}}]127.0.0.1 - - [04/May/2022 15:42:31] "POST /requirement/analyze/similarity HTTP/1.1" 200 -
127.0.0.1 - - [04/May/2022 15:42:37] "POST /requirement/analyze/relationship HTTP/1.1" 200 -
